<?xml version="1.0" encoding="UTF-8"?>
<!-- Generated by org.testng.reporters.JUnitReportReporter -->
<testsuite skipped="0" hostname="DESKTOP-SIGSLDC" name="com.krishna.qa.TestBase" tests="1" failures="0" timestamp="2021-03-18T19:46:36 IST" time="0.007" errors="0">
  <testcase name="base" time="0.007" classname="com.krishna.qa.TestBase"/>
  <system-out/>
</testsuite> <!-- com.krishna.qa.TestBase -->
