<?xml version="1.0" encoding="UTF-8"?>
<!-- Generated by org.testng.reporters.JUnitReportReporter -->
<testsuite skipped="0" hostname="DESKTOP-SIGSLDC" name="com.krishna.qa.Testmail" tests="1" failures="0" timestamp="2021-03-18T19:46:36 IST" time="0.000" errors="0">
  <testcase name="base1" time="0.000" classname="com.krishna.qa.Testmail"/>
  <system-out/>
</testsuite> <!-- com.krishna.qa.Testmail -->
