<?xml version="1.0" encoding="UTF-8"?>
<!-- Generated by org.testng.reporters.JUnitReportReporter -->
<testsuite skipped="0" hostname="DESKTOP-SIGSLDC" name="com.krishna.qa.TestBase2" tests="1" failures="0" timestamp="2021-03-18T19:54:42 IST" time="0.007" errors="0">
  <testcase name="main2" time="0.007" classname="com.krishna.qa.TestBase2"/>
  <system-out/>
</testsuite> <!-- com.krishna.qa.TestBase2 -->
